# JRE version: Java(TM) SE Runtime Environment (17.0.8+9) (build 17.0.8+9-LTS-211)
# Java VM: Java HotSpot(TM) 64-Bit Server VM (17.0.8+9-LTS-211, mixed mode, sharing, tiered, compressed oops, compressed class ptrs, g1 gc, windows-amd64)
GC Precious Log:
 CPUs: 12 total, 12 available
 Memory: 16253M
 Large Page Support: Disabled
 NUMA Support: Disabled
 Compressed Oops: Enabled (Zero based)
 Heap Region Size: 2M
 Heap Min Capacity: 8M
 Heap Initial Capacity: 254M
 Heap Max Capacity: 4064M
 Pre-touch: Disabled
 Parallel Workers: 10
 Concurrent Workers: 3
 Concurrent Refinement Workers: 10
 Periodic GC: Disabled
Heap:
 garbage-first heap   total 75776K, used 45227K [0x0000000702000000, 0x0000000800000000)
  region size 2048K, 10 young (20480K), 1 survivors (2048K)
 Metaspace       used 62983K, committed 63552K, reserved 1114112K
  class space    used 8487K, committed 8768K, reserved 1048576K
GC Heap History (20 events):
Event: 2.516 GC heap before
{Heap before GC invocations=7 (full 0):
 garbage-first heap   total 161792K, used 29981K [0x0000000702000000, 0x0000000800000000)
  region size 2048K, 8 young (16384K), 1 survivors (2048K)
 Metaspace       used 35591K, committed 35968K, reserved 1114112K
  class space    used 4471K, committed 4672K, reserved 1048576K
}
Event: 2.518 GC heap after
{Heap after GC invocations=8 (full 0):
 garbage-first heap   total 161792K, used 18272K [0x0000000702000000, 0x0000000800000000)
  region size 2048K, 2 young (4096K), 2 survivors (4096K)
 Metaspace       used 35591K, committed 35968K, reserved 1114112K
  class space    used 4471K, committed 4672K, reserved 1048576K
}
Event: 3.131 GC heap before
{Heap before GC invocations=9 (full 0):
 garbage-first heap   total 75776K, used 59232K [0x0000000702000000, 0x0000000800000000)
  region size 2048K, 22 young (45056K), 2 survivors (4096K)
 Metaspace       used 43822K, committed 44352K, reserved 1114112K
  class space    used 5695K, committed 5952K, reserved 1048576K
}
Event: 3.134 GC heap after
{Heap after GC invocations=10 (full 0):
 garbage-first heap   total 75776K, used 20481K [0x0000000702000000, 0x0000000800000000)
  region size 2048K, 3 young (6144K), 3 survivors (6144K)
 Metaspace       used 43822K, committed 44352K, reserved 1114112K
  class space    used 5695K, committed 5952K, reserved 1048576K
}
Event: 3.159 GC heap before
{Heap before GC invocations=10 (full 0):
 garbage-first heap   total 75776K, used 22529K [0x0000000702000000, 0x0000000800000000)
  region size 2048K, 4 young (8192K), 3 survivors (6144K)
 Metaspace       used 44340K, committed 44864K, reserved 1114112K
  class space    used 5756K, committed 6016K, reserved 1048576K
}
Event: 3.162 GC heap after
{Heap after GC invocations=11 (full 0):
 garbage-first heap   total 75776K, used 20542K [0x0000000702000000, 0x0000000800000000)
  region size 2048K, 1 young (2048K), 1 survivors (2048K)
 Metaspace       used 44340K, committed 44864K, reserved 1114112K
  class space    used 5756K, committed 6016K, reserved 1048576K
}
Event: 3.640 GC heap before
{Heap before GC invocations=11 (full 0):
 garbage-first heap   total 75776K, used 55358K [0x0000000702000000, 0x0000000800000000)
  region size 2048K, 18 young (36864K), 1 survivors (2048K)
 Metaspace       used 51592K, committed 52096K, reserved 1114112K
  class space    used 6942K, committed 7168K, reserved 1048576K
}
Event: 3.641 GC heap after
{Heap after GC invocations=12 (full 0):
 garbage-first heap   total 75776K, used 21163K [0x0000000702000000, 0x0000000800000000)
  region size 2048K, 1 young (2048K), 1 survivors (2048K)
 Metaspace       used 51592K, committed 52096K, reserved 1114112K
  class space    used 6942K, committed 7168K, reserved 1048576K
}
Event: 4.053 GC heap before
{Heap before GC invocations=12 (full 0):
 garbage-first heap   total 75776K, used 58027K [0x0000000702000000, 0x0000000800000000)
  region size 2048K, 19 young (38912K), 1 survivors (2048K)
 Metaspace       used 56711K, committed 57216K, reserved 1114112K
  class space    used 7630K, committed 7872K, reserved 1048576K
}
Event: 4.056 GC heap after
{Heap after GC invocations=13 (full 0):
 garbage-first heap   total 75776K, used 23721K [0x0000000702000000, 0x0000000800000000)
  region size 2048K, 2 young (4096K), 2 survivors (4096K)
 Metaspace       used 56711K, committed 57216K, reserved 1114112K
  class space    used 7630K, committed 7872K, reserved 1048576K
}
Event: 4.313 GC heap before
{Heap before GC invocations=13 (full 0):
 garbage-first heap   total 75776K, used 58537K [0x0000000702000000, 0x0000000800000000)
  region size 2048K, 19 young (38912K), 2 survivors (4096K)
 Metaspace       used 58803K, committed 59392K, reserved 1114112K
  class space    used 7893K, committed 8192K, reserved 1048576K
}
Event: 4.315 GC heap after
{Heap after GC invocations=14 (full 0):
 garbage-first heap   total 75776K, used 25577K [0x0000000702000000, 0x0000000800000000)
  region size 2048K, 3 young (6144K), 3 survivors (6144K)
 Metaspace       used 58803K, committed 59392K, reserved 1114112K
  class space    used 7893K, committed 8192K, reserved 1048576K
}
Event: 4.411 GC heap before
{Heap before GC invocations=14 (full 0):
 garbage-first heap   total 75776K, used 56297K [0x0000000702000000, 0x0000000800000000)
  region size 2048K, 18 young (36864K), 3 survivors (6144K)
 Metaspace       used 59056K, committed 59584K, reserved 1114112K
  class space    used 7909K, committed 8192K, reserved 1048576K
}
Event: 4.413 GC heap after
{Heap after GC invocations=15 (full 0):
 garbage-first heap   total 75776K, used 26298K [0x0000000702000000, 0x0000000800000000)
  region size 2048K, 2 young (4096K), 2 survivors (4096K)
 Metaspace       used 59056K, committed 59584K, reserved 1114112K
  class space    used 7909K, committed 8192K, reserved 1048576K
}
Event: 4.520 GC heap before
{Heap before GC invocations=15 (full 0):
 garbage-first heap   total 75776K, used 42682K [0x0000000702000000, 0x0000000800000000)
  region size 2048K, 11 young (22528K), 2 survivors (4096K)
 Metaspace       used 59741K, committed 60288K, reserved 1114112K
  class space    used 7999K, committed 8256K, reserved 1048576K
}
Event: 4.521 GC heap after
{Heap after GC invocations=16 (full 0):
 garbage-first heap   total 75776K, used 27042K [0x0000000702000000, 0x0000000800000000)
  region size 2048K, 2 young (4096K), 2 survivors (4096K)
 Metaspace       used 59741K, committed 60288K, reserved 1114112K
  class space    used 7999K, committed 8256K, reserved 1048576K
}
Event: 4.761 GC heap before
{Heap before GC invocations=17 (full 0):
 garbage-first heap   total 75776K, used 59810K [0x0000000702000000, 0x0000000800000000)
  region size 2048K, 18 young (36864K), 2 survivors (4096K)
 Metaspace       used 61094K, committed 61632K, reserved 1114112K
  class space    used 8233K, committed 8512K, reserved 1048576K
}
Event: 4.764 GC heap after
{Heap after GC invocations=18 (full 0):
 garbage-first heap   total 75776K, used 28754K [0x0000000702000000, 0x0000000800000000)
  region size 2048K, 2 young (4096K), 2 survivors (4096K)
 Metaspace       used 61094K, committed 61632K, reserved 1114112K
  class space    used 8233K, committed 8512K, reserved 1048576K
}
Event: 4.772 GC heap before
{Heap before GC invocations=18 (full 0):
 garbage-first heap   total 75776K, used 30802K [0x0000000702000000, 0x0000000800000000)
  region size 2048K, 3 young (6144K), 2 survivors (4096K)
 Metaspace       used 61126K, committed 61696K, reserved 1114112K
  class space    used 8235K, committed 8512K, reserved 1048576K
}
Event: 4.775 GC heap after
{Heap after GC invocations=19 (full 0):
 garbage-first heap   total 75776K, used 28843K [0x0000000702000000, 0x0000000800000000)
  region size 2048K, 1 young (2048K), 1 survivors (2048K)
 Metaspace       used 61126K, committed 61696K, reserved 1114112K
  class space    used 8235K, committed 8512K, reserved 1048576K
}

